<?xml version="1.0" encoding="UTF-8"?>
<!-- Generated by org.testng.reporters.JUnitReportReporter -->
<testsuite skipped="0" hostname="DESKTOP-U71LD0U" name="com.crm.qa.testcases.HomePageTest" tests="3" failures="0" timestamp="16 Nov 2018 05:37:58 GMT" time="93.393" errors="0">
  <testcase name="verifyHomePageTitleTest" time="31.487" classname="com.crm.qa.testcases.HomePageTest"/>
  <testcase name="verifyUserNameTest" time="27.952" classname="com.crm.qa.testcases.HomePageTest"/>
  <testcase name="verifyContactsLinkTest" time="33.954" classname="com.crm.qa.testcases.HomePageTest"/>
</testsuite> <!-- com.crm.qa.testcases.HomePageTest -->
