<?xml version="1.0" encoding="UTF-8"?>
<!-- Generated by org.testng.reporters.JUnitReportReporter -->
<testsuite skipped="0" hostname="DESKTOP-U71LD0U" name="com.crm.qa.testcases.LoginPageTest" tests="1" failures="0" timestamp="16 Nov 2018 05:12:49 GMT" time="23.065" errors="0">
  <testcase name="loginPageTitleTest" time="23.065" classname="com.crm.qa.testcases.LoginPageTest"/>
</testsuite> <!-- com.crm.qa.testcases.LoginPageTest -->
